2025-02-22 21:24:29,384 [INFO] Main: Начало скачек. Количество участников: 7
2025-02-22 21:24:29,412 [INFO] Main: Окончание скачек. Победитель: Pegasus
2025-02-22 21:25:42,797 INFO Main: Начало скачек. Количество участников: 7
2025-02-22 21:25:42,839 INFO Main: Окончание скачек. Победитель: Cherry
2025-02-22 21:35:45,720 INFO Main: Начало скачек. Количество участников: 7
2025-02-22 21:35:45,746 INFO Main: Окончание скачек. Победитель: Cherry
2025-02-22 21:36:57,025 DEBUG Horse: Создание Horse, имя Bucephalusскорость 2.4
2025-02-22 21:36:57,029 DEBUG Horse: Создание Horse, имя Ace of Spadesскорость 2.5
2025-02-22 21:36:57,030 DEBUG Horse: Создание Horse, имя Zephyrскорость 2.6
2025-02-22 21:36:57,030 DEBUG Horse: Создание Horse, имя Blazeскорость 2.7
2025-02-22 21:36:57,030 DEBUG Horse: Создание Horse, имя Lobsterскорость 2.8
2025-02-22 21:36:57,030 DEBUG Horse: Создание Horse, имя Pegasusскорость 2.9
2025-02-22 21:36:57,030 DEBUG Horse: Создание Horse, имя Cherryскорость 3.0
2025-02-22 21:36:57,032 DEBUG Hippodrome: Создание Hippodrome, лошадей [7]
2025-02-22 21:36:57,032 INFO Main: Начало скачек. Количество участников: 7
2025-02-22 21:36:57,058 INFO Main: Окончание скачек. Победитель: Cherry
2025-02-22 21:38:37,371 DEBUG Horse: Создание Horse, имя [Bucephalus]скорость [2.4]
2025-02-22 21:38:37,374 DEBUG Horse: Создание Horse, имя [Ace of Spades]скорость [2.5]
2025-02-22 21:38:37,374 DEBUG Horse: Создание Horse, имя [Zephyr]скорость [2.6]
2025-02-22 21:38:37,374 DEBUG Horse: Создание Horse, имя [Blaze]скорость [2.7]
2025-02-22 21:38:37,375 DEBUG Horse: Создание Horse, имя [Lobster]скорость [2.8]
2025-02-22 21:38:37,375 DEBUG Horse: Создание Horse, имя [Pegasus]скорость [2.9]
2025-02-22 21:38:37,375 DEBUG Horse: Создание Horse, имя [Cherry]скорость [3.0]
2025-02-22 21:38:37,376 DEBUG Hippodrome: Создание Hippodrome, лошадей [7]
2025-02-22 21:38:37,377 INFO Main: Начало скачек. Количество участников: 7
2025-02-22 21:38:37,404 INFO Main: Окончание скачек. Победитель: Cherry
2025-02-22 21:39:20,468 DEBUG Horse: Создание Horse, имя [Bucephalus] скорость [2.4]
2025-02-22 21:39:20,472 DEBUG Horse: Создание Horse, имя [Ace of Spades] скорость [2.5]
2025-02-22 21:39:20,472 DEBUG Horse: Создание Horse, имя [Zephyr] скорость [2.6]
2025-02-22 21:39:20,472 DEBUG Horse: Создание Horse, имя [Blaze] скорость [2.7]
2025-02-22 21:39:20,473 DEBUG Horse: Создание Horse, имя [Lobster] скорость [2.8]
2025-02-22 21:39:20,473 DEBUG Horse: Создание Horse, имя [Pegasus] скорость [2.9]
2025-02-22 21:39:20,473 DEBUG Horse: Создание Horse, имя [Cherry] скорость [3.0]
2025-02-22 21:39:20,474 DEBUG Hippodrome: Создание Hippodrome, лошадей [7]
2025-02-22 21:39:20,475 INFO Main: Начало скачек. Количество участников: 7
2025-02-22 21:39:20,499 INFO Main: Окончание скачек. Победитель: Cherry
